<?xml version="1.0" encoding="UTF-8"?>
<testng-results skipped="0" failed="0" total="2" passed="2">
  <reporter-output>
  </reporter-output>
  <suite name="Default suite" duration-ms="41" started-at="2016-05-28T03:30:32Z" finished-at="2016-05-28T03:30:32Z">
    <groups>
    </groups>
    <test name="Default test" duration-ms="41" started-at="2016-05-28T03:30:32Z" finished-at="2016-05-28T03:30:32Z">
      <class name="com.Test.TestD">
        <test-method status="PASS" signature="Test1()[pri:0, instance:com.Test.TestD@629f0666]" name="Test1" duration-ms="15" started-at="2016-05-28T10:30:32Z" finished-at="2016-05-28T10:30:32Z">
          <reporter-output>
          </reporter-output>
        </test-method> <!-- Test1 -->
        <test-method status="PASS" signature="Test2()[pri:0, instance:com.Test.TestD@629f0666]" name="Test2" duration-ms="2" started-at="2016-05-28T10:30:32Z" finished-at="2016-05-28T10:30:32Z">
          <reporter-output>
          </reporter-output>
        </test-method> <!-- Test2 -->
      </class> <!-- com.Test.TestD -->
    </test> <!-- Default test -->
  </suite> <!-- Default suite -->
</testng-results>
