<?xml version="1.0" encoding="UTF-8"?>
<testng-results skipped="0" failed="0" total="2" passed="2">
  <reporter-output>
  </reporter-output>
  <suite name="Default suite" duration-ms="41" started-at="2016-05-28T01:46:03Z" finished-at="2016-05-28T01:46:03Z">
    <groups>
    </groups>
    <test name="Default test" duration-ms="41" started-at="2016-05-28T01:46:03Z" finished-at="2016-05-28T01:46:03Z">
      <class name="com.Test.TestB">
        <test-method status="PASS" signature="test1()[pri:0, instance:com.Test.TestB@629f0666]" name="test1" duration-ms="15" started-at="2016-05-28T08:46:03Z" finished-at="2016-05-28T08:46:03Z">
          <reporter-output>
          </reporter-output>
        </test-method> <!-- test1 -->
        <test-method status="PASS" signature="test2()[pri:0, instance:com.Test.TestB@629f0666]" name="test2" duration-ms="0" started-at="2016-05-28T08:46:03Z" finished-at="2016-05-28T08:46:03Z">
          <reporter-output>
          </reporter-output>
        </test-method> <!-- test2 -->
      </class> <!-- com.Test.TestB -->
    </test> <!-- Default test -->
  </suite> <!-- Default suite -->
</testng-results>
